2016-03-30 21:53:06,141 main  WARN DTDEntityResolver:75 - HHH000223: Recognized obsolete hibernate namespace http://hibernate.sourceforge.net/. Use namespace http://www.hibernate.org/dtd/ instead. Refer to Hibernate 3.6 Migration Guide!
2016-03-30 21:53:06,264 main  WARN DTDEntityResolver:75 - HHH000223: Recognized obsolete hibernate namespace http://hibernate.sourceforge.net/. Use namespace http://www.hibernate.org/dtd/ instead. Refer to Hibernate 3.6 Migration Guide!
2016-03-30 21:53:06,295 main  WARN DTDEntityResolver:75 - HHH000223: Recognized obsolete hibernate namespace http://hibernate.sourceforge.net/. Use namespace http://www.hibernate.org/dtd/ instead. Refer to Hibernate 3.6 Migration Guide!
2016-03-30 21:53:07,182 main  WARN ConfigurationFactory:136 - No configuration found. Configuring ehcache from ehcache-failsafe.xml  found in the classpath: jar:file:/Users/lalvasudevan/.m2/repository/net/sf/ehcache/ehcache/2.7.0/ehcache-2.7.0.jar!/ehcache-failsafe.xml
2016-03-30 21:53:07,506 main  WARN AbstractEhcacheRegionFactory:178 - HHH020003: Could not find a specific ehcache configuration for cache named [org.hibernate.cache.spi.UpdateTimestampsCache]; using defaults.
2016-03-30 21:53:07,871 main  WARN AbstractEhcacheRegionFactory:178 - HHH020003: Could not find a specific ehcache configuration for cache named [org.hibernate.cache.internal.StandardQueryCache]; using defaults.
2016-03-30 22:07:26,114 main  WARN DTDEntityResolver:75 - HHH000223: Recognized obsolete hibernate namespace http://hibernate.sourceforge.net/. Use namespace http://www.hibernate.org/dtd/ instead. Refer to Hibernate 3.6 Migration Guide!
2016-03-30 22:07:26,261 main  WARN DTDEntityResolver:75 - HHH000223: Recognized obsolete hibernate namespace http://hibernate.sourceforge.net/. Use namespace http://www.hibernate.org/dtd/ instead. Refer to Hibernate 3.6 Migration Guide!
2016-03-30 22:07:26,309 main  WARN DTDEntityResolver:75 - HHH000223: Recognized obsolete hibernate namespace http://hibernate.sourceforge.net/. Use namespace http://www.hibernate.org/dtd/ instead. Refer to Hibernate 3.6 Migration Guide!
2016-03-30 22:07:26,777 main  WARN ConfigurationFactory:136 - No configuration found. Configuring ehcache from ehcache-failsafe.xml  found in the classpath: jar:file:/Users/lalvasudevan/.m2/repository/net/sf/ehcache/ehcache/2.7.0/ehcache-2.7.0.jar!/ehcache-failsafe.xml
2016-03-30 22:07:26,974 main  WARN AbstractEhcacheRegionFactory:178 - HHH020003: Could not find a specific ehcache configuration for cache named [org.hibernate.cache.spi.UpdateTimestampsCache]; using defaults.
2016-03-30 22:07:27,333 main  WARN AbstractEhcacheRegionFactory:178 - HHH020003: Could not find a specific ehcache configuration for cache named [org.hibernate.cache.internal.StandardQueryCache]; using defaults.
2016-03-31 09:40:23,804 main  WARN DTDEntityResolver:75 - HHH000223: Recognized obsolete hibernate namespace http://hibernate.sourceforge.net/. Use namespace http://www.hibernate.org/dtd/ instead. Refer to Hibernate 3.6 Migration Guide!
2016-03-31 09:40:23,948 main  WARN DTDEntityResolver:75 - HHH000223: Recognized obsolete hibernate namespace http://hibernate.sourceforge.net/. Use namespace http://www.hibernate.org/dtd/ instead. Refer to Hibernate 3.6 Migration Guide!
2016-03-31 09:40:23,967 main  WARN DTDEntityResolver:75 - HHH000223: Recognized obsolete hibernate namespace http://hibernate.sourceforge.net/. Use namespace http://www.hibernate.org/dtd/ instead. Refer to Hibernate 3.6 Migration Guide!
2016-03-31 09:40:24,594 main  WARN ConfigurationFactory:136 - No configuration found. Configuring ehcache from ehcache-failsafe.xml  found in the classpath: jar:file:/Users/lalvasudevan/.m2/repository/net/sf/ehcache/ehcache/2.7.0/ehcache-2.7.0.jar!/ehcache-failsafe.xml
2016-03-31 09:40:24,845 main  WARN AbstractEhcacheRegionFactory:178 - HHH020003: Could not find a specific ehcache configuration for cache named [org.hibernate.cache.spi.UpdateTimestampsCache]; using defaults.
2016-03-31 09:40:25,219 main  WARN AbstractEhcacheRegionFactory:178 - HHH020003: Could not find a specific ehcache configuration for cache named [org.hibernate.cache.internal.StandardQueryCache]; using defaults.
2016-05-12 11:42:54,957 main  WARN DTDEntityResolver:75 - HHH000223: Recognized obsolete hibernate namespace http://hibernate.sourceforge.net/. Use namespace http://www.hibernate.org/dtd/ instead. Refer to Hibernate 3.6 Migration Guide!
2016-05-12 11:42:54,997 main  WARN DTDEntityResolver:75 - HHH000223: Recognized obsolete hibernate namespace http://hibernate.sourceforge.net/. Use namespace http://www.hibernate.org/dtd/ instead. Refer to Hibernate 3.6 Migration Guide!
2016-05-12 11:42:55,010 main  WARN DTDEntityResolver:75 - HHH000223: Recognized obsolete hibernate namespace http://hibernate.sourceforge.net/. Use namespace http://www.hibernate.org/dtd/ instead. Refer to Hibernate 3.6 Migration Guide!
2016-05-12 11:42:55,285 main  WARN ConfigurationFactory:136 - No configuration found. Configuring ehcache from ehcache-failsafe.xml  found in the classpath: jar:file:/C:/Users/archana/.m2/repository/net/sf/ehcache/ehcache/2.7.0/ehcache-2.7.0.jar!/ehcache-failsafe.xml
2016-05-12 11:42:55,580 main  WARN AbstractEhcacheRegionFactory:178 - HHH020003: Could not find a specific ehcache configuration for cache named [org.hibernate.cache.spi.UpdateTimestampsCache]; using defaults.
2016-05-12 11:42:55,688 main  WARN AbstractEhcacheRegionFactory:178 - HHH020003: Could not find a specific ehcache configuration for cache named [org.hibernate.cache.internal.StandardQueryCache]; using defaults.
2016-05-12 11:56:54,985 main  WARN DTDEntityResolver:75 - HHH000223: Recognized obsolete hibernate namespace http://hibernate.sourceforge.net/. Use namespace http://www.hibernate.org/dtd/ instead. Refer to Hibernate 3.6 Migration Guide!
2016-05-12 11:56:55,030 main  WARN DTDEntityResolver:75 - HHH000223: Recognized obsolete hibernate namespace http://hibernate.sourceforge.net/. Use namespace http://www.hibernate.org/dtd/ instead. Refer to Hibernate 3.6 Migration Guide!
2016-05-12 11:56:55,044 main  WARN DTDEntityResolver:75 - HHH000223: Recognized obsolete hibernate namespace http://hibernate.sourceforge.net/. Use namespace http://www.hibernate.org/dtd/ instead. Refer to Hibernate 3.6 Migration Guide!
2016-05-12 11:56:55,234 main  WARN ConfigurationFactory:136 - No configuration found. Configuring ehcache from ehcache-failsafe.xml  found in the classpath: jar:file:/C:/Users/archana/.m2/repository/net/sf/ehcache/ehcache/2.7.0/ehcache-2.7.0.jar!/ehcache-failsafe.xml
2016-05-12 11:56:55,457 main  WARN AbstractEhcacheRegionFactory:178 - HHH020003: Could not find a specific ehcache configuration for cache named [org.hibernate.cache.spi.UpdateTimestampsCache]; using defaults.
2016-05-12 11:56:55,532 main  WARN AbstractEhcacheRegionFactory:178 - HHH020003: Could not find a specific ehcache configuration for cache named [org.hibernate.cache.internal.StandardQueryCache]; using defaults.
2016-05-12 12:02:19,983 main  WARN DTDEntityResolver:75 - HHH000223: Recognized obsolete hibernate namespace http://hibernate.sourceforge.net/. Use namespace http://www.hibernate.org/dtd/ instead. Refer to Hibernate 3.6 Migration Guide!
2016-05-12 12:02:20,025 main  WARN DTDEntityResolver:75 - HHH000223: Recognized obsolete hibernate namespace http://hibernate.sourceforge.net/. Use namespace http://www.hibernate.org/dtd/ instead. Refer to Hibernate 3.6 Migration Guide!
2016-05-12 12:02:20,037 main  WARN DTDEntityResolver:75 - HHH000223: Recognized obsolete hibernate namespace http://hibernate.sourceforge.net/. Use namespace http://www.hibernate.org/dtd/ instead. Refer to Hibernate 3.6 Migration Guide!
2016-05-12 12:02:20,226 main  WARN ConfigurationFactory:136 - No configuration found. Configuring ehcache from ehcache-failsafe.xml  found in the classpath: jar:file:/C:/Users/archana/.m2/repository/net/sf/ehcache/ehcache/2.7.0/ehcache-2.7.0.jar!/ehcache-failsafe.xml
2016-05-12 12:02:20,440 main  WARN AbstractEhcacheRegionFactory:178 - HHH020003: Could not find a specific ehcache configuration for cache named [org.hibernate.cache.spi.UpdateTimestampsCache]; using defaults.
2016-05-12 12:02:20,566 main  WARN AbstractEhcacheRegionFactory:178 - HHH020003: Could not find a specific ehcache configuration for cache named [org.hibernate.cache.internal.StandardQueryCache]; using defaults.
2016-05-12 12:05:24,157 main  WARN DTDEntityResolver:75 - HHH000223: Recognized obsolete hibernate namespace http://hibernate.sourceforge.net/. Use namespace http://www.hibernate.org/dtd/ instead. Refer to Hibernate 3.6 Migration Guide!
2016-05-12 12:05:24,201 main  WARN DTDEntityResolver:75 - HHH000223: Recognized obsolete hibernate namespace http://hibernate.sourceforge.net/. Use namespace http://www.hibernate.org/dtd/ instead. Refer to Hibernate 3.6 Migration Guide!
2016-05-12 12:05:24,214 main  WARN DTDEntityResolver:75 - HHH000223: Recognized obsolete hibernate namespace http://hibernate.sourceforge.net/. Use namespace http://www.hibernate.org/dtd/ instead. Refer to Hibernate 3.6 Migration Guide!
2016-05-12 12:05:24,417 main  WARN ConfigurationFactory:136 - No configuration found. Configuring ehcache from ehcache-failsafe.xml  found in the classpath: jar:file:/C:/Users/archana/.m2/repository/net/sf/ehcache/ehcache/2.7.0/ehcache-2.7.0.jar!/ehcache-failsafe.xml
2016-05-12 12:05:24,638 main  WARN AbstractEhcacheRegionFactory:178 - HHH020003: Could not find a specific ehcache configuration for cache named [org.hibernate.cache.spi.UpdateTimestampsCache]; using defaults.
2016-05-12 12:05:24,721 main  WARN AbstractEhcacheRegionFactory:178 - HHH020003: Could not find a specific ehcache configuration for cache named [org.hibernate.cache.internal.StandardQueryCache]; using defaults.
2016-05-12 12:06:12,452 main  WARN DTDEntityResolver:75 - HHH000223: Recognized obsolete hibernate namespace http://hibernate.sourceforge.net/. Use namespace http://www.hibernate.org/dtd/ instead. Refer to Hibernate 3.6 Migration Guide!
2016-05-12 12:06:12,497 main  WARN DTDEntityResolver:75 - HHH000223: Recognized obsolete hibernate namespace http://hibernate.sourceforge.net/. Use namespace http://www.hibernate.org/dtd/ instead. Refer to Hibernate 3.6 Migration Guide!
2016-05-12 12:06:12,510 main  WARN DTDEntityResolver:75 - HHH000223: Recognized obsolete hibernate namespace http://hibernate.sourceforge.net/. Use namespace http://www.hibernate.org/dtd/ instead. Refer to Hibernate 3.6 Migration Guide!
2016-05-12 12:06:12,704 main  WARN ConfigurationFactory:136 - No configuration found. Configuring ehcache from ehcache-failsafe.xml  found in the classpath: jar:file:/C:/Users/archana/.m2/repository/net/sf/ehcache/ehcache/2.7.0/ehcache-2.7.0.jar!/ehcache-failsafe.xml
2016-05-12 12:06:12,916 main  WARN AbstractEhcacheRegionFactory:178 - HHH020003: Could not find a specific ehcache configuration for cache named [org.hibernate.cache.spi.UpdateTimestampsCache]; using defaults.
2016-05-12 12:06:12,991 main  WARN AbstractEhcacheRegionFactory:178 - HHH020003: Could not find a specific ehcache configuration for cache named [org.hibernate.cache.internal.StandardQueryCache]; using defaults.
2016-05-12 12:08:44,877 main  WARN DTDEntityResolver:75 - HHH000223: Recognized obsolete hibernate namespace http://hibernate.sourceforge.net/. Use namespace http://www.hibernate.org/dtd/ instead. Refer to Hibernate 3.6 Migration Guide!
2016-05-12 12:08:44,921 main  WARN DTDEntityResolver:75 - HHH000223: Recognized obsolete hibernate namespace http://hibernate.sourceforge.net/. Use namespace http://www.hibernate.org/dtd/ instead. Refer to Hibernate 3.6 Migration Guide!
2016-05-12 12:08:44,932 main  WARN DTDEntityResolver:75 - HHH000223: Recognized obsolete hibernate namespace http://hibernate.sourceforge.net/. Use namespace http://www.hibernate.org/dtd/ instead. Refer to Hibernate 3.6 Migration Guide!
2016-05-12 12:08:45,140 main  WARN ConfigurationFactory:136 - No configuration found. Configuring ehcache from ehcache-failsafe.xml  found in the classpath: jar:file:/C:/Users/archana/.m2/repository/net/sf/ehcache/ehcache/2.7.0/ehcache-2.7.0.jar!/ehcache-failsafe.xml
2016-05-12 12:08:45,343 main  WARN AbstractEhcacheRegionFactory:178 - HHH020003: Could not find a specific ehcache configuration for cache named [org.hibernate.cache.spi.UpdateTimestampsCache]; using defaults.
2016-05-12 12:08:45,419 main  WARN AbstractEhcacheRegionFactory:178 - HHH020003: Could not find a specific ehcache configuration for cache named [org.hibernate.cache.internal.StandardQueryCache]; using defaults.
2016-05-12 12:09:18,378 main  WARN DTDEntityResolver:75 - HHH000223: Recognized obsolete hibernate namespace http://hibernate.sourceforge.net/. Use namespace http://www.hibernate.org/dtd/ instead. Refer to Hibernate 3.6 Migration Guide!
2016-05-12 12:09:18,422 main  WARN DTDEntityResolver:75 - HHH000223: Recognized obsolete hibernate namespace http://hibernate.sourceforge.net/. Use namespace http://www.hibernate.org/dtd/ instead. Refer to Hibernate 3.6 Migration Guide!
2016-05-12 12:09:18,435 main  WARN DTDEntityResolver:75 - HHH000223: Recognized obsolete hibernate namespace http://hibernate.sourceforge.net/. Use namespace http://www.hibernate.org/dtd/ instead. Refer to Hibernate 3.6 Migration Guide!
2016-05-12 12:09:18,646 main  WARN ConfigurationFactory:136 - No configuration found. Configuring ehcache from ehcache-failsafe.xml  found in the classpath: jar:file:/C:/Users/archana/.m2/repository/net/sf/ehcache/ehcache/2.7.0/ehcache-2.7.0.jar!/ehcache-failsafe.xml
2016-05-12 12:09:18,868 main  WARN AbstractEhcacheRegionFactory:178 - HHH020003: Could not find a specific ehcache configuration for cache named [org.hibernate.cache.spi.UpdateTimestampsCache]; using defaults.
2016-05-12 12:09:19,025 main  WARN AbstractEhcacheRegionFactory:178 - HHH020003: Could not find a specific ehcache configuration for cache named [org.hibernate.cache.internal.StandardQueryCache]; using defaults.
2016-05-12 12:12:57,815 main  WARN DTDEntityResolver:75 - HHH000223: Recognized obsolete hibernate namespace http://hibernate.sourceforge.net/. Use namespace http://www.hibernate.org/dtd/ instead. Refer to Hibernate 3.6 Migration Guide!
2016-05-12 12:12:57,874 main  WARN DTDEntityResolver:75 - HHH000223: Recognized obsolete hibernate namespace http://hibernate.sourceforge.net/. Use namespace http://www.hibernate.org/dtd/ instead. Refer to Hibernate 3.6 Migration Guide!
2016-05-12 12:12:57,888 main  WARN DTDEntityResolver:75 - HHH000223: Recognized obsolete hibernate namespace http://hibernate.sourceforge.net/. Use namespace http://www.hibernate.org/dtd/ instead. Refer to Hibernate 3.6 Migration Guide!
2016-05-12 12:12:58,326 main  WARN ConfigurationFactory:136 - No configuration found. Configuring ehcache from ehcache-failsafe.xml  found in the classpath: jar:file:/C:/Users/archana/.m2/repository/net/sf/ehcache/ehcache/2.7.0/ehcache-2.7.0.jar!/ehcache-failsafe.xml
2016-05-12 12:12:58,620 main  WARN AbstractEhcacheRegionFactory:178 - HHH020003: Could not find a specific ehcache configuration for cache named [org.hibernate.cache.spi.UpdateTimestampsCache]; using defaults.
2016-05-12 12:12:58,779 main  WARN AbstractEhcacheRegionFactory:178 - HHH020003: Could not find a specific ehcache configuration for cache named [org.hibernate.cache.internal.StandardQueryCache]; using defaults.
